{"E:\\CODE\\Git all reps\\react-components\\src\\App.tsx": {"path":"E:\\CODE\\Git all reps\\react-components\\src\\App.tsx","statementMap":{"0":{"start":{"line":1,"column":0},"end":{"line":1,"column":19}},"1":{"start":{"line":3,"column":0},"end":{"line":3,"column":36}},"2":{"start":{"line":6,"column":2},"end":{"line":6,"column":23}},"3":{"start":{"line":5,"column":0},"end":{"line":5,"column":16}},"4":{"start":{"line":9,"column":0},"end":{"line":9,"column":19}}},"fnMap":{"0":{"name":"App","decl":{"start":{"line":5,"column":16},"end":{"line":5,"column":19}},"loc":{"start":{"line":5,"column":19},"end":{"line":7,"column":1}}}},"branchMap":{},"s":{"0":0,"1":0,"2":0,"3":0,"4":0},"f":{"0":0},"b":{}}
,"E:\\CODE\\Git all reps\\react-components\\src\\AppRouter.tsx": {"path":"E:\\CODE\\Git all reps\\react-components\\src\\AppRouter.tsx","statementMap":{"0":{"start":{"line":1,"column":0},"end":{"line":1,"column":64}},"1":{"start":{"line":2,"column":0},"end":{"line":2,"column":44}},"2":{"start":{"line":5,"column":2},"end":{"line":12,"column":4}},"3":{"start":{"line":4,"column":0},"end":{"line":4,"column":16}},"4":{"start":{"line":15,"column":0},"end":{"line":15,"column":25}}},"fnMap":{"0":{"name":"AppRouter","decl":{"start":{"line":4,"column":16},"end":{"line":4,"column":25}},"loc":{"start":{"line":4,"column":25},"end":{"line":13,"column":1}}}},"branchMap":{},"s":{"0":0,"1":0,"2":0,"3":0,"4":0},"f":{"0":0},"b":{}}
,"E:\\CODE\\Git all reps\\react-components\\src\\main.tsx": {"path":"E:\\CODE\\Git all reps\\react-components\\src\\main.tsx","statementMap":{"0":{"start":{"line":1,"column":0},"end":{"line":1,"column":40}},"1":{"start":{"line":2,"column":0},"end":{"line":2,"column":24}},"2":{"start":{"line":3,"column":0},"end":{"line":3,"column":21}},"3":{"start":{"line":4,"column":0},"end":{"line":4,"column":39}},"4":{"start":{"line":5,"column":0},"end":{"line":5,"column":45}},"5":{"start":{"line":6,"column":0},"end":{"line":6,"column":73}},"6":{"start":{"line":8,"column":0},"end":{"line":14,"column":2}}},"fnMap":{},"branchMap":{},"s":{"0":0,"1":0,"2":0,"3":0,"4":0,"5":0,"6":0},"f":{},"b":{}}
,"E:\\CODE\\Git all reps\\react-components\\src\\vite-env.d.ts": {"path":"E:\\CODE\\Git all reps\\react-components\\src\\vite-env.d.ts","statementMap":{},"fnMap":{},"branchMap":{},"s":{},"f":{},"b":{}}
,"E:\\CODE\\Git all reps\\react-components\\src\\components\\Buttons\\CloseButton.tsx": {"path":"E:\\CODE\\Git all reps\\react-components\\src\\components\\Buttons\\CloseButton.tsx","statementMap":{"0":{"start":{"line":3,"column":27},"end":{"line":14,"column":1}},"1":{"start":{"line":4,"column":2},"end":{"line":13,"column":4}},"2":{"start":{"line":3,"column":13},"end":{"line":3,"column":27}}},"fnMap":{"0":{"name":"(anonymous_0)","decl":{"start":{"line":3,"column":27},"end":{"line":3,"column":28}},"loc":{"start":{"line":3,"column":71},"end":{"line":14,"column":1}}}},"branchMap":{},"s":{"0":1,"1":2,"2":1},"f":{"0":2},"b":{}}
,"E:\\CODE\\Git all reps\\react-components\\src\\components\\Buttons\\ErrorButton.tsx": {"path":"E:\\CODE\\Git all reps\\react-components\\src\\components\\Buttons\\ErrorButton.tsx","statementMap":{"0":{"start":{"line":3,"column":27},"end":{"line":9,"column":1}},"1":{"start":{"line":4,"column":2},"end":{"line":8,"column":4}},"2":{"start":{"line":3,"column":13},"end":{"line":3,"column":27}}},"fnMap":{"0":{"name":"(anonymous_0)","decl":{"start":{"line":3,"column":27},"end":{"line":3,"column":28}},"loc":{"start":{"line":3,"column":68},"end":{"line":9,"column":1}}}},"branchMap":{},"s":{"0":1,"1":2,"2":1},"f":{"0":2},"b":{}}
,"E:\\CODE\\Git all reps\\react-components\\src\\components\\Buttons\\SearchButton.tsx": {"path":"E:\\CODE\\Git all reps\\react-components\\src\\components\\Buttons\\SearchButton.tsx","statementMap":{"0":{"start":{"line":3,"column":28},"end":{"line":9,"column":1}},"1":{"start":{"line":4,"column":2},"end":{"line":8,"column":4}},"2":{"start":{"line":3,"column":13},"end":{"line":3,"column":28}}},"fnMap":{"0":{"name":"(anonymous_0)","decl":{"start":{"line":3,"column":28},"end":{"line":3,"column":29}},"loc":{"start":{"line":3,"column":71},"end":{"line":9,"column":1}}}},"branchMap":{},"s":{"0":1,"1":2,"2":1},"f":{"0":2},"b":{}}
,"E:\\CODE\\Git all reps\\react-components\\src\\components\\DetailsSection\\DetailsSection.tsx": {"path":"E:\\CODE\\Git all reps\\react-components\\src\\components\\DetailsSection\\DetailsSection.tsx","statementMap":{"0":{"start":{"line":1,"column":0},"end":{"line":1,"column":53}},"1":{"start":{"line":2,"column":0},"end":{"line":2,"column":53}},"2":{"start":{"line":3,"column":0},"end":{"line":3,"column":51}},"3":{"start":{"line":4,"column":0},"end":{"line":4,"column":42}},"4":{"start":{"line":6,"column":0},"end":{"line":6,"column":81}},"5":{"start":{"line":7,"column":0},"end":{"line":7,"column":42}},"6":{"start":{"line":10,"column":24},"end":{"line":11,"column":null}},"7":{"start":{"line":11,"column":26},"end":{"line":11,"column":59}},"8":{"start":{"line":13,"column":19},"end":{"line":13,"column":32}},"9":{"start":{"line":14,"column":30},"end":{"line":16,"column":4}},"10":{"start":{"line":18,"column":2},"end":{"line":37,"column":4}},"11":{"start":{"line":20,"column":39},"end":{"line":20,"column":70}},"12":{"start":{"line":9,"column":0},"end":{"line":9,"column":24}}},"fnMap":{"0":{"name":"DetailsSection","decl":{"start":{"line":9,"column":24},"end":{"line":9,"column":38}},"loc":{"start":{"line":9,"column":38},"end":{"line":38,"column":1}}},"1":{"name":"(anonymous_2)","decl":{"start":{"line":11,"column":4},"end":{"line":11,"column":5}},"loc":{"start":{"line":11,"column":26},"end":{"line":11,"column":59}}},"2":{"name":"(anonymous_3)","decl":{"start":{"line":20,"column":33},"end":{"line":20,"column":36}},"loc":{"start":{"line":20,"column":39},"end":{"line":20,"column":70}}}},"branchMap":{"0":{"loc":{"start":{"line":23,"column":7},"end":{"line":34,"column":null}},"type":"cond-expr","locations":[{"start":{"line":24,"column":8},"end":{"line":25,"column":null}},{"start":{"line":28,"column":8},"end":{"line":33,"column":null}}]}},"s":{"0":0,"1":0,"2":0,"3":0,"4":0,"5":0,"6":0,"7":0,"8":0,"9":0,"10":0,"11":0,"12":0},"f":{"0":0,"1":0,"2":0},"b":{"0":[0,0]}}
,"E:\\CODE\\Git all reps\\react-components\\src\\components\\ErrorBoundary\\ErrorBoundary.tsx": {"path":"E:\\CODE\\Git all reps\\react-components\\src\\components\\ErrorBoundary\\ErrorBoundary.tsx","statementMap":{"0":{"start":{"line":1,"column":0},"end":{"line":1,"column":41}},"1":{"start":{"line":9,"column":4},"end":{"line":9,"column":17}},"2":{"start":{"line":10,"column":4},"end":{"line":10,"column":67}},"3":{"start":{"line":14,"column":4},"end":{"line":14,"column":30}},"4":{"start":{"line":18,"column":4},"end":{"line":18,"column":64}},"5":{"start":{"line":19,"column":4},"end":{"line":19,"column":42}},"6":{"start":{"line":23,"column":4},"end":{"line":25,"column":null}},"7":{"start":{"line":24,"column":6},"end":{"line":24,"column":29}},"8":{"start":{"line":26,"column":4},"end":{"line":26,"column":31}},"9":{"start":{"line":4,"column":0},"end":{"line":4,"column":13}}},"fnMap":{"0":{"name":"(anonymous_1)","decl":{"start":{"line":8,"column":2},"end":{"line":8,"column":14}},"loc":{"start":{"line":8,"column":39},"end":{"line":11,"column":3}}},"1":{"name":"(anonymous_2)","decl":{"start":{"line":13,"column":2},"end":{"line":13,"column":8}},"loc":{"start":{"line":13,"column":33},"end":{"line":15,"column":3}}},"2":{"name":"(anonymous_3)","decl":{"start":{"line":17,"column":2},"end":{"line":17,"column":19}},"loc":{"start":{"line":17,"column":60},"end":{"line":20,"column":3}}},"3":{"name":"(anonymous_4)","decl":{"start":{"line":22,"column":2},"end":{"line":22,"column":8}},"loc":{"start":{"line":22,"column":8},"end":{"line":27,"column":3}}}},"branchMap":{"0":{"loc":{"start":{"line":23,"column":4},"end":{"line":25,"column":null}},"type":"if","locations":[{"start":{"line":23,"column":4},"end":{"line":25,"column":null}}]}},"s":{"0":0,"1":0,"2":0,"3":0,"4":0,"5":0,"6":0,"7":0,"8":0,"9":0},"f":{"0":0,"1":0,"2":0,"3":0},"b":{"0":[0]}}
,"E:\\CODE\\Git all reps\\react-components\\src\\components\\ItemsPerPage\\ItemsSelect.tsx": {"path":"E:\\CODE\\Git all reps\\react-components\\src\\components\\ItemsPerPage\\ItemsSelect.tsx","statementMap":{"0":{"start":{"line":1,"column":0},"end":{"line":1,"column":60}},"1":{"start":{"line":2,"column":0},"end":{"line":2,"column":65}},"2":{"start":{"line":3,"column":0},"end":{"line":3,"column":42}},"3":{"start":{"line":4,"column":0},"end":{"line":4,"column":69}},"4":{"start":{"line":5,"column":0},"end":{"line":5,"column":71}},"5":{"start":{"line":6,"column":0},"end":{"line":6,"column":43}},"6":{"start":{"line":9,"column":19},"end":{"line":9,"column":32}},"7":{"start":{"line":10,"column":19},"end":{"line":10,"column":32}},"8":{"start":{"line":12,"column":4},"end":{"line":12,"column":51}},"9":{"start":{"line":13,"column":4},"end":{"line":13,"column":63}},"10":{"start":{"line":14,"column":4},"end":{"line":14,"column":64}},"11":{"start":{"line":16,"column":2},"end":{"line":31,"column":4}},"12":{"start":{"line":25,"column":10},"end":{"line":25,"column":26}},"13":{"start":{"line":8,"column":0},"end":{"line":8,"column":24}}},"fnMap":{"0":{"name":"ItemsSelect","decl":{"start":{"line":8,"column":24},"end":{"line":8,"column":35}},"loc":{"start":{"line":8,"column":35},"end":{"line":32,"column":1}}},"1":{"name":"changeItemsLimit","decl":{"start":{"line":11,"column":11},"end":{"line":11,"column":27}},"loc":{"start":{"line":11,"column":71},"end":{"line":15,"column":3}}},"2":{"name":"(anonymous_2)","decl":{"start":{"line":24,"column":32},"end":{"line":24,"column":33}},"loc":{"start":{"line":25,"column":10},"end":{"line":25,"column":26}}}},"branchMap":{},"s":{"0":0,"1":0,"2":0,"3":0,"4":0,"5":0,"6":0,"7":0,"8":0,"9":0,"10":0,"11":0,"12":0,"13":0},"f":{"0":0,"1":0,"2":0},"b":{}}
,"E:\\CODE\\Git all reps\\react-components\\src\\components\\ItemsPerPage\\ItemsSelectVariables.ts": {"path":"E:\\CODE\\Git all reps\\react-components\\src\\components\\ItemsPerPage\\ItemsSelectVariables.ts","statementMap":{"0":{"start":{"line":1,"column":13},"end":{"line":1,"column":46}}},"fnMap":{},"branchMap":{},"s":{"0":0},"f":{},"b":{}}
,"E:\\CODE\\Git all reps\\react-components\\src\\components\\Loaders\\DetailsLoader.tsx": {"path":"E:\\CODE\\Git all reps\\react-components\\src\\components\\Loaders\\DetailsLoader.tsx","statementMap":{"0":{"start":{"line":2,"column":2},"end":{"line":6,"column":4}},"1":{"start":{"line":8,"column":0},"end":{"line":8,"column":29}}},"fnMap":{"0":{"name":"DetailsLoader","decl":{"start":{"line":1,"column":9},"end":{"line":1,"column":22}},"loc":{"start":{"line":1,"column":22},"end":{"line":7,"column":1}}}},"branchMap":{},"s":{"0":0,"1":0},"f":{"0":0},"b":{}}
,"E:\\CODE\\Git all reps\\react-components\\src\\components\\Loaders\\Loader.tsx": {"path":"E:\\CODE\\Git all reps\\react-components\\src\\components\\Loaders\\Loader.tsx","statementMap":{"0":{"start":{"line":2,"column":2},"end":{"line":2,"column":40}},"1":{"start":{"line":4,"column":0},"end":{"line":4,"column":22}}},"fnMap":{"0":{"name":"Loader","decl":{"start":{"line":1,"column":9},"end":{"line":1,"column":15}},"loc":{"start":{"line":1,"column":15},"end":{"line":3,"column":1}}}},"branchMap":{},"s":{"0":0,"1":0},"f":{"0":0},"b":{}}
,"E:\\CODE\\Git all reps\\react-components\\src\\components\\Pagination\\Pagination.tsx": {"path":"E:\\CODE\\Git all reps\\react-components\\src\\components\\Pagination\\Pagination.tsx","statementMap":{"0":{"start":{"line":1,"column":0},"end":{"line":1,"column":68}},"1":{"start":{"line":2,"column":0},"end":{"line":2,"column":55}},"2":{"start":{"line":4,"column":0},"end":{"line":4,"column":71}},"3":{"start":{"line":5,"column":0},"end":{"line":5,"column":46}},"4":{"start":{"line":6,"column":0},"end":{"line":6,"column":43}},"5":{"start":{"line":9,"column":16},"end":{"line":9,"column":69}},"6":{"start":{"line":9,"column":50},"end":{"line":9,"column":68}},"7":{"start":{"line":10,"column":16},"end":{"line":10,"column":68}},"8":{"start":{"line":10,"column":50},"end":{"line":10,"column":67}},"9":{"start":{"line":11,"column":19},"end":{"line":11,"column":73}},"10":{"start":{"line":11,"column":53},"end":{"line":11,"column":72}},"11":{"start":{"line":12,"column":19},"end":{"line":12,"column":32}},"12":{"start":{"line":13,"column":42},"end":{"line":17,"column":4}},"13":{"start":{"line":18,"column":19},"end":{"line":18,"column":32}},"14":{"start":{"line":19,"column":25},"end":{"line":19,"column":36}},"15":{"start":{"line":20,"column":19},"end":{"line":20,"column":50}},"16":{"start":{"line":21,"column":21},"end":{"line":24,"column":3}},"17":{"start":{"line":22,"column":4},"end":{"line":22,"column":32}},"18":{"start":{"line":23,"column":4},"end":{"line":23,"column":33}},"19":{"start":{"line":25,"column":2},"end":{"line":40,"column":4}},"20":{"start":{"line":30,"column":12},"end":{"line":32,"column":null}},"21":{"start":{"line":34,"column":29},"end":{"line":34,"column":45}},"22":{"start":{"line":8,"column":0},"end":{"line":8,"column":24}}},"fnMap":{"0":{"name":"Pagination","decl":{"start":{"line":8,"column":24},"end":{"line":8,"column":34}},"loc":{"start":{"line":8,"column":34},"end":{"line":41,"column":1}}},"1":{"name":"(anonymous_1)","decl":{"start":{"line":9,"column":28},"end":{"line":9,"column":29}},"loc":{"start":{"line":9,"column":50},"end":{"line":9,"column":68}}},"2":{"name":"(anonymous_2)","decl":{"start":{"line":10,"column":28},"end":{"line":10,"column":29}},"loc":{"start":{"line":10,"column":50},"end":{"line":10,"column":67}}},"3":{"name":"(anonymous_3)","decl":{"start":{"line":11,"column":31},"end":{"line":11,"column":32}},"loc":{"start":{"line":11,"column":53},"end":{"line":11,"column":72}}},"4":{"name":"(anonymous_4)","decl":{"start":{"line":21,"column":21},"end":{"line":21,"column":22}},"loc":{"start":{"line":21,"column":38},"end":{"line":24,"column":3}}},"5":{"name":"(anonymous_5)","decl":{"start":{"line":29,"column":23},"end":{"line":29,"column":24}},"loc":{"start":{"line":30,"column":12},"end":{"line":32,"column":null}}},"6":{"name":"(anonymous_6)","decl":{"start":{"line":34,"column":23},"end":{"line":34,"column":26}},"loc":{"start":{"line":34,"column":29},"end":{"line":34,"column":45}}}},"branchMap":{"0":{"loc":{"start":{"line":27,"column":7},"end":{"line":38,"column":12}},"type":"cond-expr","locations":[{"start":{"line":28,"column":10},"end":{"line":28,"column":14}},{"start":{"line":29,"column":10},"end":{"line":38,"column":12}}]},"1":{"loc":{"start":{"line":27,"column":7},"end":{"line":27,"column":30}},"type":"binary-expr","locations":[{"start":{"line":27,"column":7},"end":{"line":27,"column":16}},{"start":{"line":27,"column":20},"end":{"line":27,"column":30}}]},"2":{"loc":{"start":{"line":31,"column":25},"end":{"line":31,"column":74}},"type":"cond-expr","locations":[{"start":{"line":31,"column":45},"end":{"line":31,"column":65}},{"start":{"line":31,"column":68},"end":{"line":31,"column":74}}]}},"s":{"0":0,"1":0,"2":0,"3":0,"4":0,"5":0,"6":0,"7":0,"8":0,"9":0,"10":0,"11":0,"12":0,"13":0,"14":0,"15":0,"16":0,"17":0,"18":0,"19":0,"20":0,"21":0,"22":0},"f":{"0":0,"1":0,"2":0,"3":0,"4":0,"5":0,"6":0},"b":{"0":[0,0],"1":[0,0],"2":[0,0]}}
,"E:\\CODE\\Git all reps\\react-components\\src\\components\\SearchBar\\SearchBar.tsx": {"path":"E:\\CODE\\Git all reps\\react-components\\src\\components\\SearchBar\\SearchBar.tsx","statementMap":{"0":{"start":{"line":1,"column":0},"end":{"line":1,"column":55}},"1":{"start":{"line":2,"column":0},"end":{"line":2,"column":53}},"2":{"start":{"line":3,"column":0},"end":{"line":3,"column":66}},"3":{"start":{"line":4,"column":0},"end":{"line":4,"column":42}},"4":{"start":{"line":5,"column":0},"end":{"line":5,"column":69}},"5":{"start":{"line":6,"column":0},"end":{"line":6,"column":33}},"6":{"start":{"line":7,"column":0},"end":{"line":7,"column":43}},"7":{"start":{"line":8,"column":0},"end":{"line":8,"column":71}},"8":{"start":{"line":9,"column":0},"end":{"line":9,"column":72}},"9":{"start":{"line":10,"column":0},"end":{"line":10,"column":65}},"10":{"start":{"line":12,"column":36},"end":{"line":12,"column":48}},"11":{"start":{"line":13,"column":19},"end":{"line":13,"column":32}},"12":{"start":{"line":14,"column":19},"end":{"line":14,"column":32}},"13":{"start":{"line":15,"column":28},"end":{"line":18,"column":3}},"14":{"start":{"line":16,"column":4},"end":{"line":16,"column":27}},"15":{"start":{"line":17,"column":4},"end":{"line":17,"column":37}},"16":{"start":{"line":19,"column":20},"end":{"line":22,"column":3}},"17":{"start":{"line":20,"column":4},"end":{"line":20,"column":32}},"18":{"start":{"line":21,"column":4},"end":{"line":21,"column":33}},"19":{"start":{"line":25,"column":4},"end":{"line":25,"column":34}},"20":{"start":{"line":26,"column":4},"end":{"line":26,"column":63}},"21":{"start":{"line":27,"column":4},"end":{"line":27,"column":64}},"22":{"start":{"line":29,"column":2},"end":{"line":41,"column":4}},"23":{"start":{"line":11,"column":0},"end":{"line":11,"column":24}}},"fnMap":{"0":{"name":"SearchBar","decl":{"start":{"line":11,"column":24},"end":{"line":11,"column":33}},"loc":{"start":{"line":11,"column":33},"end":{"line":42,"column":1}}},"1":{"name":"(anonymous_1)","decl":{"start":{"line":15,"column":28},"end":{"line":15,"column":29}},"loc":{"start":{"line":15,"column":75},"end":{"line":18,"column":3}}},"2":{"name":"(anonymous_2)","decl":{"start":{"line":19,"column":20},"end":{"line":19,"column":23}},"loc":{"start":{"line":19,"column":25},"end":{"line":22,"column":3}}},"3":{"name":"sendRequest","decl":{"start":{"line":24,"column":11},"end":{"line":24,"column":22}},"loc":{"start":{"line":24,"column":22},"end":{"line":28,"column":3}}}},"branchMap":{},"s":{"0":0,"1":0,"2":0,"3":0,"4":0,"5":0,"6":0,"7":0,"8":0,"9":0,"10":0,"11":0,"12":0,"13":0,"14":0,"15":0,"16":0,"17":0,"18":0,"19":0,"20":0,"21":0,"22":0,"23":0},"f":{"0":0,"1":0,"2":0,"3":0},"b":{}}
,"E:\\CODE\\Git all reps\\react-components\\src\\components\\SearchItem\\SearchItem.tsx": {"path":"E:\\CODE\\Git all reps\\react-components\\src\\components\\SearchItem\\SearchItem.tsx","statementMap":{"0":{"start":{"line":8,"column":2},"end":{"line":20,"column":4}},"1":{"start":{"line":12,"column":21},"end":{"line":12,"column":51}},"2":{"start":{"line":23,"column":0},"end":{"line":23,"column":26}}},"fnMap":{"0":{"name":"SearchItem","decl":{"start":{"line":3,"column":9},"end":{"line":3,"column":19}},"loc":{"start":{"line":7,"column":18},"end":{"line":21,"column":1}}},"1":{"name":"(anonymous_1)","decl":{"start":{"line":12,"column":15},"end":{"line":12,"column":18}},"loc":{"start":{"line":12,"column":21},"end":{"line":12,"column":51}}}},"branchMap":{},"s":{"0":2,"1":1,"2":1},"f":{"0":2,"1":1},"b":{}}
,"E:\\CODE\\Git all reps\\react-components\\src\\components\\SearchResults\\SearchResults.tsx": {"path":"E:\\CODE\\Git all reps\\react-components\\src\\components\\SearchResults\\SearchResults.tsx","statementMap":{"0":{"start":{"line":1,"column":0},"end":{"line":1,"column":39}},"1":{"start":{"line":2,"column":0},"end":{"line":2,"column":50}},"2":{"start":{"line":3,"column":0},"end":{"line":3,"column":42}},"3":{"start":{"line":5,"column":0},"end":{"line":5,"column":46}},"4":{"start":{"line":6,"column":0},"end":{"line":6,"column":85}},"5":{"start":{"line":7,"column":0},"end":{"line":7,"column":81}},"6":{"start":{"line":8,"column":0},"end":{"line":8,"column":42}},"7":{"start":{"line":11,"column":16},"end":{"line":11,"column":69}},"8":{"start":{"line":11,"column":50},"end":{"line":11,"column":68}},"9":{"start":{"line":12,"column":16},"end":{"line":12,"column":68}},"10":{"start":{"line":12,"column":50},"end":{"line":12,"column":67}},"11":{"start":{"line":13,"column":19},"end":{"line":13,"column":73}},"12":{"start":{"line":13,"column":53},"end":{"line":13,"column":72}},"13":{"start":{"line":14,"column":19},"end":{"line":14,"column":32}},"14":{"start":{"line":15,"column":42},"end":{"line":19,"column":4}},"15":{"start":{"line":22,"column":4},"end":{"line":22,"column":35}},"16":{"start":{"line":23,"column":4},"end":{"line":23,"column":35}},"17":{"start":{"line":26,"column":2},"end":{"line":41,"column":4}},"18":{"start":{"line":33,"column":10},"end":{"line":34,"column":null}},"19":{"start":{"line":10,"column":0},"end":{"line":10,"column":24}}},"fnMap":{"0":{"name":"SearchResults","decl":{"start":{"line":10,"column":24},"end":{"line":10,"column":37}},"loc":{"start":{"line":10,"column":37},"end":{"line":42,"column":1}}},"1":{"name":"(anonymous_2)","decl":{"start":{"line":11,"column":28},"end":{"line":11,"column":29}},"loc":{"start":{"line":11,"column":50},"end":{"line":11,"column":68}}},"2":{"name":"(anonymous_3)","decl":{"start":{"line":12,"column":28},"end":{"line":12,"column":29}},"loc":{"start":{"line":12,"column":50},"end":{"line":12,"column":67}}},"3":{"name":"(anonymous_4)","decl":{"start":{"line":13,"column":31},"end":{"line":13,"column":32}},"loc":{"start":{"line":13,"column":53},"end":{"line":13,"column":72}}},"4":{"name":"showDetails","decl":{"start":{"line":21,"column":11},"end":{"line":21,"column":22}},"loc":{"start":{"line":21,"column":33},"end":{"line":24,"column":3}}},"5":{"name":"(anonymous_6)","decl":{"start":{"line":32,"column":22},"end":{"line":32,"column":23}},"loc":{"start":{"line":33,"column":10},"end":{"line":34,"column":null}}}},"branchMap":{"0":{"loc":{"start":{"line":28,"column":7},"end":{"line":38,"column":null}},"type":"cond-expr","locations":[{"start":{"line":29,"column":8},"end":{"line":29,"column":18}},{"start":{"line":31,"column":8},"end":{"line":38,"column":10}}]},"1":{"loc":{"start":{"line":28,"column":7},"end":{"line":28,"column":30}},"type":"binary-expr","locations":[{"start":{"line":28,"column":7},"end":{"line":28,"column":16}},{"start":{"line":28,"column":20},"end":{"line":28,"column":30}}]},"2":{"loc":{"start":{"line":31,"column":8},"end":{"line":38,"column":10}},"type":"binary-expr","locations":[{"start":{"line":31,"column":8},"end":{"line":31,"column":12}},{"start":{"line":32,"column":8},"end":{"line":38,"column":10}}]}},"s":{"0":0,"1":0,"2":0,"3":0,"4":0,"5":0,"6":0,"7":0,"8":0,"9":0,"10":0,"11":0,"12":0,"13":0,"14":0,"15":0,"16":0,"17":0,"18":0,"19":0},"f":{"0":0,"1":0,"2":0,"3":0,"4":0,"5":0},"b":{"0":[0,0],"1":[0,0],"2":[0,0]}}
,"E:\\CODE\\Git all reps\\react-components\\src\\pages\\SearchPage.tsx": {"path":"E:\\CODE\\Git all reps\\react-components\\src\\pages\\SearchPage.tsx","statementMap":{"0":{"start":{"line":1,"column":0},"end":{"line":1,"column":58}},"1":{"start":{"line":2,"column":0},"end":{"line":2,"column":70}},"2":{"start":{"line":3,"column":0},"end":{"line":3,"column":61}},"3":{"start":{"line":4,"column":0},"end":{"line":4,"column":65}},"4":{"start":{"line":5,"column":0},"end":{"line":5,"column":73}},"5":{"start":{"line":6,"column":0},"end":{"line":6,"column":42}},"6":{"start":{"line":8,"column":0},"end":{"line":8,"column":34}},"7":{"start":{"line":16,"column":19},"end":{"line":16,"column":77}},"8":{"start":{"line":16,"column":53},"end":{"line":16,"column":76}},"9":{"start":{"line":17,"column":2},"end":{"line":21,"column":17}},"10":{"start":{"line":18,"column":4},"end":{"line":20,"column":null}},"11":{"start":{"line":19,"column":6},"end":{"line":19,"column":48}},"12":{"start":{"line":23,"column":22},"end":{"line":24,"column":null}},"13":{"start":{"line":24,"column":26},"end":{"line":24,"column":55}},"14":{"start":{"line":26,"column":2},"end":{"line":34,"column":4}},"15":{"start":{"line":10,"column":0},"end":{"line":10,"column":16}},"16":{"start":{"line":37,"column":0},"end":{"line":37,"column":26}}},"fnMap":{"0":{"name":"SearchPage","decl":{"start":{"line":10,"column":16},"end":{"line":10,"column":26}},"loc":{"start":{"line":10,"column":26},"end":{"line":35,"column":1}}},"1":{"name":"(anonymous_2)","decl":{"start":{"line":16,"column":31},"end":{"line":16,"column":32}},"loc":{"start":{"line":16,"column":53},"end":{"line":16,"column":76}}},"2":{"name":"(anonymous_3)","decl":{"start":{"line":17,"column":12},"end":{"line":17,"column":15}},"loc":{"start":{"line":17,"column":17},"end":{"line":21,"column":3}}},"3":{"name":"(anonymous_4)","decl":{"start":{"line":24,"column":4},"end":{"line":24,"column":5}},"loc":{"start":{"line":24,"column":26},"end":{"line":24,"column":55}}}},"branchMap":{"0":{"loc":{"start":{"line":18,"column":4},"end":{"line":20,"column":null}},"type":"if","locations":[{"start":{"line":18,"column":4},"end":{"line":20,"column":null}}]},"1":{"loc":{"start":{"line":32,"column":7},"end":{"line":32,"column":46}},"type":"cond-expr","locations":[{"start":{"line":32,"column":21},"end":{"line":32,"column":39}},{"start":{"line":32,"column":42},"end":{"line":32,"column":46}}]}},"s":{"0":0,"1":0,"2":0,"3":0,"4":0,"5":0,"6":0,"7":0,"8":0,"9":0,"10":0,"11":0,"12":0,"13":0,"14":0,"15":0,"16":0},"f":{"0":0,"1":0,"2":0,"3":0},"b":{"0":[0],"1":[0,0]}}
,"E:\\CODE\\Git all reps\\react-components\\src\\pages\\SearchPageVariables.ts": {"path":"E:\\CODE\\Git all reps\\react-components\\src\\pages\\SearchPageVariables.ts","statementMap":{"0":{"start":{"line":1,"column":13},"end":{"line":2,"column":59}},"1":{"start":{"line":4,"column":13},"end":{"line":8,"column":2}}},"fnMap":{},"branchMap":{},"s":{"0":0,"1":0},"f":{},"b":{}}
,"E:\\CODE\\Git all reps\\react-components\\src\\ulits\\API\\api.ts": {"path":"E:\\CODE\\Git all reps\\react-components\\src\\ulits\\API\\api.ts","statementMap":{"0":{"start":{"line":1,"column":0},"end":{"line":1,"column":78}},"1":{"start":{"line":3,"column":16},"end":{"line":3,"column":38}},"2":{"start":{"line":4,"column":17},"end":{"line":4,"column":55}},"3":{"start":{"line":15,"column":13},"end":{"line":33,"column":3}},"4":{"start":{"line":23,"column":25},"end":{"line":32,"column":4}},"5":{"start":{"line":28,"column":46},"end":{"line":30,"column":8}},"6":{"start":{"line":35,"column":13},"end":{"line":50,"column":3}},"7":{"start":{"line":43,"column":25},"end":{"line":49,"column":4}},"8":{"start":{"line":45,"column":26},"end":{"line":47,"column":8}}},"fnMap":{"0":{"name":"(anonymous_0)","decl":{"start":{"line":23,"column":13},"end":{"line":23,"column":14}},"loc":{"start":{"line":23,"column":25},"end":{"line":32,"column":4}}},"1":{"name":"(anonymous_1)","decl":{"start":{"line":28,"column":13},"end":{"line":28,"column":14}},"loc":{"start":{"line":28,"column":46},"end":{"line":30,"column":8}}},"2":{"name":"(anonymous_2)","decl":{"start":{"line":43,"column":13},"end":{"line":43,"column":14}},"loc":{"start":{"line":43,"column":25},"end":{"line":49,"column":4}}},"3":{"name":"(anonymous_3)","decl":{"start":{"line":45,"column":13},"end":{"line":45,"column":14}},"loc":{"start":{"line":45,"column":26},"end":{"line":47,"column":8}}}},"branchMap":{},"s":{"0":0,"1":0,"2":0,"3":0,"4":0,"5":0,"6":0,"7":0,"8":0},"f":{"0":0,"1":0,"2":0,"3":0},"b":{}}
,"E:\\CODE\\Git all reps\\react-components\\src\\ulits\\helpers\\pagesFunction.ts": {"path":"E:\\CODE\\Git all reps\\react-components\\src\\ulits\\helpers\\pagesFunction.ts","statementMap":{"0":{"start":{"line":1,"column":31},"end":{"line":9,"column":1}},"1":{"start":{"line":2,"column":19},"end":{"line":2,"column":21}},"2":{"start":{"line":3,"column":2},"end":{"line":7,"column":null}},"3":{"start":{"line":4,"column":4},"end":{"line":6,"column":null}},"4":{"start":{"line":4,"column":17},"end":{"line":4,"column":18}},"5":{"start":{"line":5,"column":6},"end":{"line":5,"column":27}},"6":{"start":{"line":8,"column":2},"end":{"line":8,"column":18}},"7":{"start":{"line":1,"column":13},"end":{"line":1,"column":31}}},"fnMap":{"0":{"name":"(anonymous_0)","decl":{"start":{"line":1,"column":31},"end":{"line":1,"column":32}},"loc":{"start":{"line":1,"column":66},"end":{"line":9,"column":1}}}},"branchMap":{"0":{"loc":{"start":{"line":3,"column":2},"end":{"line":7,"column":null}},"type":"if","locations":[{"start":{"line":3,"column":2},"end":{"line":7,"column":null}}]}},"s":{"0":0,"1":0,"2":0,"3":0,"4":0,"5":0,"6":0,"7":0},"f":{"0":0},"b":{"0":[0]}}
,"E:\\CODE\\Git all reps\\react-components\\src\\ulits\\states\\store.ts": {"path":"E:\\CODE\\Git all reps\\react-components\\src\\ulits\\states\\store.ts","statementMap":{"0":{"start":{"line":1,"column":0},"end":{"line":1,"column":50}},"1":{"start":{"line":2,"column":0},"end":{"line":2,"column":62}},"2":{"start":{"line":3,"column":0},"end":{"line":3,"column":62}},"3":{"start":{"line":4,"column":0},"end":{"line":4,"column":58}},"4":{"start":{"line":5,"column":0},"end":{"line":5,"column":66}},"5":{"start":{"line":6,"column":0},"end":{"line":6,"column":72}},"6":{"start":{"line":7,"column":0},"end":{"line":7,"column":68}},"7":{"start":{"line":8,"column":0},"end":{"line":8,"column":59}},"8":{"start":{"line":9,"column":0},"end":{"line":9,"column":37}},"9":{"start":{"line":11,"column":13},"end":{"line":24,"column":3}},"10":{"start":{"line":23,"column":4},"end":{"line":23,"column":53}}},"fnMap":{"0":{"name":"(anonymous_0)","decl":{"start":{"line":22,"column":14},"end":{"line":22,"column":15}},"loc":{"start":{"line":23,"column":4},"end":{"line":23,"column":53}}}},"branchMap":{},"s":{"0":0,"1":0,"2":0,"3":0,"4":0,"5":0,"6":0,"7":0,"8":0,"9":0,"10":0},"f":{"0":0},"b":{}}
,"E:\\CODE\\Git all reps\\react-components\\src\\ulits\\states\\reducers\\ErrorReducers.ts": {"path":"E:\\CODE\\Git all reps\\react-components\\src\\ulits\\states\\reducers\\ErrorReducers.ts","statementMap":{"0":{"start":{"line":1,"column":0},"end":{"line":1,"column":62}},"1":{"start":{"line":7,"column":38},"end":{"line":9,"column":2}},"2":{"start":{"line":11,"column":19},"end":{"line":19,"column":2}},"3":{"start":{"line":16,"column":6},"end":{"line":16,"column":38}},"4":{"start":{"line":21,"column":15},"end":{"line":21,"column":50}},"5":{"start":{"line":22,"column":13},"end":{"line":22,"column":50}}},"fnMap":{"0":{"name":"(anonymous_0)","decl":{"start":{"line":15,"column":17},"end":{"line":15,"column":18}},"loc":{"start":{"line":15,"column":59},"end":{"line":17,"column":5}}}},"branchMap":{},"s":{"0":0,"1":0,"2":0,"3":0,"4":0,"5":0},"f":{"0":0},"b":{}}
,"E:\\CODE\\Git all reps\\react-components\\src\\ulits\\states\\reducers\\currCharacterReducers.ts": {"path":"E:\\CODE\\Git all reps\\react-components\\src\\ulits\\states\\reducers\\currCharacterReducers.ts","statementMap":{"0":{"start":{"line":1,"column":0},"end":{"line":1,"column":62}},"1":{"start":{"line":7,"column":50},"end":{"line":9,"column":2}},"2":{"start":{"line":11,"column":27},"end":{"line":19,"column":2}},"3":{"start":{"line":16,"column":6},"end":{"line":16,"column":43}},"4":{"start":{"line":21,"column":15},"end":{"line":21,"column":63}},"5":{"start":{"line":22,"column":13},"end":{"line":22,"column":63}}},"fnMap":{"0":{"name":"(anonymous_0)","decl":{"start":{"line":15,"column":22},"end":{"line":15,"column":23}},"loc":{"start":{"line":15,"column":63},"end":{"line":17,"column":5}}}},"branchMap":{},"s":{"0":0,"1":0,"2":0,"3":0,"4":0,"5":0},"f":{"0":0},"b":{}}
,"E:\\CODE\\Git all reps\\react-components\\src\\ulits\\states\\reducers\\limitReducers.ts": {"path":"E:\\CODE\\Git all reps\\react-components\\src\\ulits\\states\\reducers\\limitReducers.ts","statementMap":{"0":{"start":{"line":1,"column":0},"end":{"line":1,"column":62}},"1":{"start":{"line":2,"column":0},"end":{"line":2,"column":68}},"2":{"start":{"line":8,"column":44},"end":{"line":10,"column":2}},"3":{"start":{"line":12,"column":25},"end":{"line":20,"column":2}},"4":{"start":{"line":17,"column":6},"end":{"line":17,"column":35}},"5":{"start":{"line":22,"column":15},"end":{"line":22,"column":53}},"6":{"start":{"line":23,"column":13},"end":{"line":23,"column":59}}},"fnMap":{"0":{"name":"(anonymous_0)","decl":{"start":{"line":16,"column":14},"end":{"line":16,"column":15}},"loc":{"start":{"line":16,"column":55},"end":{"line":18,"column":5}}}},"branchMap":{},"s":{"0":0,"1":0,"2":0,"3":0,"4":0,"5":0,"6":0},"f":{"0":0},"b":{}}
,"E:\\CODE\\Git all reps\\react-components\\src\\ulits\\states\\reducers\\openDetailsReducers.ts": {"path":"E:\\CODE\\Git all reps\\react-components\\src\\ulits\\states\\reducers\\openDetailsReducers.ts","statementMap":{"0":{"start":{"line":1,"column":0},"end":{"line":1,"column":62}},"1":{"start":{"line":7,"column":50},"end":{"line":9,"column":2}},"2":{"start":{"line":11,"column":25},"end":{"line":19,"column":2}},"3":{"start":{"line":16,"column":6},"end":{"line":16,"column":41}},"4":{"start":{"line":21,"column":15},"end":{"line":21,"column":59}},"5":{"start":{"line":22,"column":13},"end":{"line":22,"column":59}}},"fnMap":{"0":{"name":"(anonymous_0)","decl":{"start":{"line":15,"column":20},"end":{"line":15,"column":21}},"loc":{"start":{"line":15,"column":62},"end":{"line":17,"column":5}}}},"branchMap":{},"s":{"0":0,"1":0,"2":0,"3":0,"4":0,"5":0},"f":{"0":0},"b":{}}
,"E:\\CODE\\Git all reps\\react-components\\src\\ulits\\states\\reducers\\pageReducers.ts": {"path":"E:\\CODE\\Git all reps\\react-components\\src\\ulits\\states\\reducers\\pageReducers.ts","statementMap":{"0":{"start":{"line":1,"column":0},"end":{"line":1,"column":62}},"1":{"start":{"line":2,"column":0},"end":{"line":2,"column":68}},"2":{"start":{"line":8,"column":40},"end":{"line":10,"column":2}},"3":{"start":{"line":12,"column":22},"end":{"line":20,"column":2}},"4":{"start":{"line":17,"column":6},"end":{"line":17,"column":38}},"5":{"start":{"line":22,"column":15},"end":{"line":22,"column":53}},"6":{"start":{"line":23,"column":13},"end":{"line":23,"column":53}}},"fnMap":{"0":{"name":"(anonymous_0)","decl":{"start":{"line":16,"column":17},"end":{"line":16,"column":18}},"loc":{"start":{"line":16,"column":58},"end":{"line":18,"column":5}}}},"branchMap":{},"s":{"0":0,"1":0,"2":0,"3":0,"4":0,"5":0,"6":0},"f":{"0":0},"b":{}}
,"E:\\CODE\\Git all reps\\react-components\\src\\ulits\\states\\reducers\\queryReducers.ts": {"path":"E:\\CODE\\Git all reps\\react-components\\src\\ulits\\states\\reducers\\queryReducers.ts","statementMap":{"0":{"start":{"line":1,"column":0},"end":{"line":1,"column":62}},"1":{"start":{"line":7,"column":44},"end":{"line":9,"column":2}},"2":{"start":{"line":11,"column":25},"end":{"line":19,"column":2}},"3":{"start":{"line":16,"column":6},"end":{"line":16,"column":35}},"4":{"start":{"line":21,"column":15},"end":{"line":21,"column":53}},"5":{"start":{"line":22,"column":13},"end":{"line":22,"column":59}}},"fnMap":{"0":{"name":"(anonymous_0)","decl":{"start":{"line":15,"column":14},"end":{"line":15,"column":15}},"loc":{"start":{"line":15,"column":55},"end":{"line":17,"column":5}}}},"branchMap":{},"s":{"0":0,"1":0,"2":0,"3":0,"4":0,"5":0},"f":{"0":0},"b":{}}
,"E:\\CODE\\Git all reps\\react-components\\src\\ulits\\states\\reducers\\totalPagesReducers.ts": {"path":"E:\\CODE\\Git all reps\\react-components\\src\\ulits\\states\\reducers\\totalPagesReducers.ts","statementMap":{"0":{"start":{"line":1,"column":0},"end":{"line":1,"column":62}},"1":{"start":{"line":2,"column":0},"end":{"line":2,"column":68}},"2":{"start":{"line":8,"column":43},"end":{"line":10,"column":2}},"3":{"start":{"line":12,"column":24},"end":{"line":20,"column":2}},"4":{"start":{"line":17,"column":6},"end":{"line":17,"column":40}},"5":{"start":{"line":22,"column":15},"end":{"line":22,"column":57}},"6":{"start":{"line":23,"column":13},"end":{"line":23,"column":57}}},"fnMap":{"0":{"name":"(anonymous_0)","decl":{"start":{"line":16,"column":19},"end":{"line":16,"column":20}},"loc":{"start":{"line":16,"column":60},"end":{"line":18,"column":5}}}},"branchMap":{},"s":{"0":0,"1":0,"2":0,"3":0,"4":0,"5":0,"6":0},"f":{"0":0},"b":{}}
}
