{"E:\\CODE\\Git all reps\\react-components\\src\\components\\Buttons\\CloseButton.tsx": {"path":"E:\\CODE\\Git all reps\\react-components\\src\\components\\Buttons\\CloseButton.tsx","statementMap":{"0":{"start":{"line":3,"column":27},"end":{"line":14,"column":1}},"1":{"start":{"line":4,"column":2},"end":{"line":13,"column":4}},"2":{"start":{"line":3,"column":13},"end":{"line":3,"column":27}}},"fnMap":{"0":{"name":"(anonymous_0)","decl":{"start":{"line":3,"column":27},"end":{"line":3,"column":28}},"loc":{"start":{"line":3,"column":71},"end":{"line":14,"column":1}}}},"branchMap":{},"s":{"0":1,"1":2,"2":1},"f":{"0":2},"b":{}}
,"E:\\CODE\\Git all reps\\react-components\\src\\components\\Buttons\\ErrorButton.tsx": {"path":"E:\\CODE\\Git all reps\\react-components\\src\\components\\Buttons\\ErrorButton.tsx","statementMap":{"0":{"start":{"line":3,"column":27},"end":{"line":9,"column":1}},"1":{"start":{"line":4,"column":2},"end":{"line":8,"column":4}},"2":{"start":{"line":3,"column":13},"end":{"line":3,"column":27}}},"fnMap":{"0":{"name":"(anonymous_0)","decl":{"start":{"line":3,"column":27},"end":{"line":3,"column":28}},"loc":{"start":{"line":3,"column":68},"end":{"line":9,"column":1}}}},"branchMap":{},"s":{"0":1,"1":2,"2":1},"f":{"0":2},"b":{}}
,"E:\\CODE\\Git all reps\\react-components\\src\\components\\Buttons\\SearchButton.tsx": {"path":"E:\\CODE\\Git all reps\\react-components\\src\\components\\Buttons\\SearchButton.tsx","statementMap":{"0":{"start":{"line":3,"column":28},"end":{"line":9,"column":1}},"1":{"start":{"line":4,"column":2},"end":{"line":8,"column":4}},"2":{"start":{"line":3,"column":13},"end":{"line":3,"column":28}}},"fnMap":{"0":{"name":"(anonymous_0)","decl":{"start":{"line":3,"column":28},"end":{"line":3,"column":29}},"loc":{"start":{"line":3,"column":71},"end":{"line":9,"column":1}}}},"branchMap":{},"s":{"0":1,"1":2,"2":1},"f":{"0":2},"b":{}}
,"E:\\CODE\\Git all reps\\react-components\\src\\components\\SearchItem\\SearchItem.tsx": {"path":"E:\\CODE\\Git all reps\\react-components\\src\\components\\SearchItem\\SearchItem.tsx","statementMap":{"0":{"start":{"line":8,"column":2},"end":{"line":20,"column":4}},"1":{"start":{"line":12,"column":21},"end":{"line":12,"column":51}},"2":{"start":{"line":23,"column":0},"end":{"line":23,"column":26}}},"fnMap":{"0":{"name":"SearchItem","decl":{"start":{"line":3,"column":9},"end":{"line":3,"column":19}},"loc":{"start":{"line":7,"column":18},"end":{"line":21,"column":1}}},"1":{"name":"(anonymous_1)","decl":{"start":{"line":12,"column":15},"end":{"line":12,"column":18}},"loc":{"start":{"line":12,"column":21},"end":{"line":12,"column":51}}}},"branchMap":{},"s":{"0":2,"1":1,"2":1},"f":{"0":2,"1":1},"b":{}}
}
