TN:
SF:src\components\Buttons\CloseButton.tsx
FN:3,(anonymous_0)
FNF:1
FNH:1
FNDA:2,(anonymous_0)
DA:3,1
DA:4,2
LF:2
LH:2
BRF:0
BRH:0
end_of_record
TN:
SF:src\components\Buttons\ErrorButton.tsx
FN:3,(anonymous_0)
FNF:1
FNH:1
FNDA:2,(anonymous_0)
DA:3,1
DA:4,2
LF:2
LH:2
BRF:0
BRH:0
end_of_record
TN:
SF:src\components\Buttons\SearchButton.tsx
FN:3,(anonymous_0)
FNF:1
FNH:1
FNDA:2,(anonymous_0)
DA:3,1
DA:4,2
LF:2
LH:2
BRF:0
BRH:0
end_of_record
TN:
SF:src\components\SearchItem\SearchItem.tsx
FN:3,SearchItem
FN:12,(anonymous_1)
FNF:2
FNH:2
FNDA:2,SearchItem
FNDA:1,(anonymous_1)
DA:8,2
DA:12,1
DA:23,1
LF:3
LH:3
BRF:0
BRH:0
end_of_record
